<?xml version="1.0" encoding="UTF-8"?>
<!-- Generated by org.testng.reporters.JUnitXMLReporter -->
<testsuite ignored="0" hostname="BLR2-5CG1327HQ2" failures="0" tests="5" name="Default test" time="35.293" errors="0" timestamp="2023-05-07T23:10:56 IST">
  <testcase classname="test_package.test_run" name="homePage" time="0.728"/>
  <testcase classname="test_package.test_run" name="loginPage" time="1.895"/>
  <testcase classname="test_package.test_run" name="creating_repository" time="9.045"/>
  <testcase classname="test_package.test_run" name="creating_repository" time="8.295"/>
  <testcase classname="test_package.test_run" name="creating_repository" time="8.195"/>
</testsuite> <!-- Default test -->
