<?xml version="1.0" encoding="UTF-8"?>
<testng-results ignored="0" total="5" passed="5" failed="0" skipped="0">
  <reporter-output>
  </reporter-output>
  <suite started-at="2023-05-07T23:10:20 IST" name="Default suite" finished-at="2023-05-07T23:10:56 IST" duration-ms="35293">
    <groups>
    </groups>
    <test started-at="2023-05-07T23:10:20 IST" name="Default test" finished-at="2023-05-07T23:10:56 IST" duration-ms="35293">
      <class name="test_package.test_run">
        <test-method is-config="true" signature="extentsReport()[pri:0, instance:test_package.test_run@4d5650ae]" started-at="2023-05-07T23:10:20 IST" name="extentsReport" finished-at="2023-05-07T23:10:21 IST" duration-ms="258" status="PASS">
          <reporter-output>
          </reporter-output>
        </test-method> <!-- extentsReport -->
        <test-method is-config="true" signature="driver()[pri:0, instance:test_package.test_run@4d5650ae]" started-at="2023-05-07T23:10:21 IST" name="driver" finished-at="2023-05-07T23:10:25 IST" duration-ms="4760" status="PASS">
          <reporter-output>
          </reporter-output>
        </test-method> <!-- driver -->
        <test-method signature="homePage(java.lang.reflect.Method)[pri:1, instance:test_package.test_run@4d5650ae]" started-at="2023-05-07T23:10:25 IST" name="homePage" finished-at="2023-05-07T23:10:26 IST" duration-ms="728" status="PASS">
          <params>
            <param index="0">
              <value>
                <![CDATA[void test_package.test_run.homePage(java.lang.reflect.Method)]]>
              </value>
            </param>
          </params>
          <reporter-output>
          </reporter-output>
        </test-method> <!-- homePage -->
        <test-method is-config="true" signature="afterTestRun(org.testng.ITestResult)[pri:0, instance:test_package.test_run@4d5650ae]" started-at="2023-05-07T23:10:26 IST" name="afterTestRun" finished-at="2023-05-07T23:10:26 IST" duration-ms="5" status="PASS">
          <params>
            <param index="0">
              <value>
                <![CDATA[[TestResult name=homePage status=SUCCESS method=test_run.homePage(java.lang.reflect.Method)[pri:1, instance:test_package.test_run@4d5650ae] output={null}]]]>
              </value>
            </param>
          </params>
          <reporter-output>
          </reporter-output>
        </test-method> <!-- afterTestRun -->
        <test-method signature="loginPage(java.lang.reflect.Method)[pri:2, instance:test_package.test_run@4d5650ae]" started-at="2023-05-07T23:10:26 IST" name="loginPage" finished-at="2023-05-07T23:10:28 IST" duration-ms="1895" status="PASS">
          <params>
            <param index="0">
              <value>
                <![CDATA[void test_package.test_run.loginPage(java.lang.reflect.Method)]]>
              </value>
            </param>
          </params>
          <reporter-output>
          </reporter-output>
        </test-method> <!-- loginPage -->
        <test-method is-config="true" signature="afterTestRun(org.testng.ITestResult)[pri:0, instance:test_package.test_run@4d5650ae]" started-at="2023-05-07T23:10:28 IST" name="afterTestRun" finished-at="2023-05-07T23:10:28 IST" duration-ms="2" status="PASS">
          <params>
            <param index="0">
              <value>
                <![CDATA[[TestResult name=loginPage status=SUCCESS method=test_run.loginPage(java.lang.reflect.Method)[pri:2, instance:test_package.test_run@4d5650ae] output={null}]]]>
              </value>
            </param>
          </params>
          <reporter-output>
          </reporter-output>
        </test-method> <!-- afterTestRun -->
        <test-method signature="creating_repository(java.lang.String)[pri:3, instance:test_package.test_run@4d5650ae]" started-at="2023-05-07T23:10:29 IST" name="creating_repository" data-provider="RepositoryName" finished-at="2023-05-07T23:10:38 IST" duration-ms="9045" status="PASS">
          <params>
            <param index="0">
              <value>
                <![CDATA[sample40]]>
              </value>
            </param>
          </params>
          <reporter-output>
          </reporter-output>
        </test-method> <!-- creating_repository -->
        <test-method is-config="true" signature="afterTestRun(org.testng.ITestResult)[pri:0, instance:test_package.test_run@4d5650ae]" started-at="2023-05-07T23:10:38 IST" name="afterTestRun" finished-at="2023-05-07T23:10:38 IST" duration-ms="0" status="PASS">
          <params>
            <param index="0">
              <value>
                <![CDATA[[TestResult name=creating_repository status=SUCCESS method=test_run.creating_repository(java.lang.String)[pri:3, instance:test_package.test_run@4d5650ae] output={null}]]]>
              </value>
            </param>
          </params>
          <reporter-output>
          </reporter-output>
        </test-method> <!-- afterTestRun -->
        <test-method signature="creating_repository(java.lang.String)[pri:3, instance:test_package.test_run@4d5650ae]" started-at="2023-05-07T23:10:38 IST" name="creating_repository" data-provider="RepositoryName" finished-at="2023-05-07T23:10:47 IST" duration-ms="8295" status="PASS">
          <params>
            <param index="0">
              <value>
                <![CDATA[sample50]]>
              </value>
            </param>
          </params>
          <reporter-output>
          </reporter-output>
        </test-method> <!-- creating_repository -->
        <test-method is-config="true" signature="afterTestRun(org.testng.ITestResult)[pri:0, instance:test_package.test_run@4d5650ae]" started-at="2023-05-07T23:10:47 IST" name="afterTestRun" finished-at="2023-05-07T23:10:47 IST" duration-ms="2" status="PASS">
          <params>
            <param index="0">
              <value>
                <![CDATA[[TestResult name=creating_repository status=SUCCESS method=test_run.creating_repository(java.lang.String)[pri:3, instance:test_package.test_run@4d5650ae] output={null}]]]>
              </value>
            </param>
          </params>
          <reporter-output>
          </reporter-output>
        </test-method> <!-- afterTestRun -->
        <test-method signature="creating_repository(java.lang.String)[pri:3, instance:test_package.test_run@4d5650ae]" started-at="2023-05-07T23:10:47 IST" name="creating_repository" data-provider="RepositoryName" finished-at="2023-05-07T23:10:55 IST" duration-ms="8195" status="PASS">
          <params>
            <param index="0">
              <value>
                <![CDATA[sample60]]>
              </value>
            </param>
          </params>
          <reporter-output>
          </reporter-output>
        </test-method> <!-- creating_repository -->
        <test-method is-config="true" signature="afterTestRun(org.testng.ITestResult)[pri:0, instance:test_package.test_run@4d5650ae]" started-at="2023-05-07T23:10:55 IST" name="afterTestRun" finished-at="2023-05-07T23:10:55 IST" duration-ms="1" status="PASS">
          <params>
            <param index="0">
              <value>
                <![CDATA[[TestResult name=creating_repository status=SUCCESS method=test_run.creating_repository(java.lang.String)[pri:3, instance:test_package.test_run@4d5650ae] output={null}]]]>
              </value>
            </param>
          </params>
          <reporter-output>
          </reporter-output>
        </test-method> <!-- afterTestRun -->
        <test-method is-config="true" signature="flush()[pri:0, instance:test_package.test_run@4d5650ae]" started-at="2023-05-07T23:10:55 IST" name="flush" finished-at="2023-05-07T23:10:56 IST" duration-ms="672" status="PASS">
          <reporter-output>
          </reporter-output>
        </test-method> <!-- flush -->
      </class> <!-- test_package.test_run -->
    </test> <!-- Default test -->
  </suite> <!-- Default suite -->
</testng-results>
